The system is: Windows - 10.0.22631 - AMD64
Compiling the C compiler identification source file "CMakeCCompilerId.c" succeeded.
Compiler: E:/MicroSoft/VisualStudio/CommunityIDE/VC/Tools/MSVC/14.29.30133/bin/Hostx64/x64/cl.exe 
Build flags: 
Id flags: -c 

The output was:
0
用于 x64 的 Microsoft (R) C/C++ 优化编译器 19.29.30156 版
版权所有(C) Microsoft Corporation。保留所有权利。

CMakeCCompilerId.c


Compilation of the C compiler identification source "CMakeCCompilerId.c" produced "CMakeCCompilerId.obj"

The C compiler identification is MSVC, found in "E:/TUD/Q1_Computer_Graphics/Assignment/assignment2/assignment_2/remote/CS-4515/Assignment 2/out/build/x64-Debug/CMakeFiles/3.20.21032501-MSVC_2/CompilerIdC/CMakeCCompilerId.obj"

Compiling the CXX compiler identification source file "CMakeCXXCompilerId.cpp" succeeded.
Compiler: E:/MicroSoft/VisualStudio/CommunityIDE/VC/Tools/MSVC/14.29.30133/bin/Hostx64/x64/cl.exe 
Build flags: 
Id flags: -c 

The output was:
0
用于 x64 的 Microsoft (R) C/C++ 优化编译器 19.29.30156 版
版权所有(C) Microsoft Corporation。保留所有权利。

CMakeCXXCompilerId.cpp


Compilation of the CXX compiler identification source "CMakeCXXCompilerId.cpp" produced "CMakeCXXCompilerId.obj"

The CXX compiler identification is MSVC, found in "E:/TUD/Q1_Computer_Graphics/Assignment/assignment2/assignment_2/remote/CS-4515/Assignment 2/out/build/x64-Debug/CMakeFiles/3.20.21032501-MSVC_2/CompilerIdCXX/CMakeCXXCompilerId.obj"

Detecting C compiler ABI info compiled with the following output:
Change Dir: E:/TUD/Q1_Computer_Graphics/Assignment/assignment2/assignment_2/remote/CS-4515/Assignment 2/out/build/x64-Debug/CMakeFiles/CMakeTmp

Run Build Command(s):E:\MICROSOFT\VISUALSTUDIO\COMMUNITYIDE\COMMON7\IDE\COMMONEXTENSIONS\MICROSOFT\CMAKE\Ninja\ninja.exe cmTC_12c08 && [1/2] Building C object CMakeFiles\cmTC_12c08.dir\CMakeCCompilerABI.c.obj
[2/2] Linking C executable cmTC_12c08.exe



Detecting CXX compiler ABI info compiled with the following output:
Change Dir: E:/TUD/Q1_Computer_Graphics/Assignment/assignment2/assignment_2/remote/CS-4515/Assignment 2/out/build/x64-Debug/CMakeFiles/CMakeTmp

Run Build Command(s):E:\MICROSOFT\VISUALSTUDIO\COMMUNITYIDE\COMMON7\IDE\COMMONEXTENSIONS\MICROSOFT\CMAKE\Ninja\ninja.exe cmTC_d5653 && [1/2] Building CXX object CMakeFiles\cmTC_d5653.dir\CMakeCXXCompilerABI.cpp.obj
[2/2] Linking CXX executable cmTC_d5653.exe



