Compiling the C compiler identification source file "CMakeCCompilerId.c" failed.
Compiler: E:/MicroSoft/VisualStudio/CommunityIDE/VC/Tools/MSVC/14.29.30133/bin/Hostx64/x64/cl.exe 
Build flags: 
Id flags:  

The output was:
2
用于 x64 的 Microsoft (R) C/C++ 优化编译器 19.29.30156 版
版权所有(C) Microsoft Corporation。保留所有权利。

CMakeCCompilerId.c
Microsoft (R) Incremental Linker Version 14.29.30156.0
Copyright (C) Microsoft Corporation.  All rights reserved.

/out:CMakeCCompilerId.exe 
CMakeCCompilerId.obj 
libucrt.lib(checkcfg.obj) : error LNK2001: 无法解析的外部符号 _guard_check_icall_$fo$
CMakeCCompilerId.exe : fatal error LNK1120: 1 个无法解析的外部命令


Compiling the CXX compiler identification source file "CMakeCXXCompilerId.cpp" failed.
Compiler: E:/MicroSoft/VisualStudio/CommunityIDE/VC/Tools/MSVC/14.29.30133/bin/Hostx64/x64/cl.exe 
Build flags: 
Id flags:  

The output was:
2
用于 x64 的 Microsoft (R) C/C++ 优化编译器 19.29.30156 版
版权所有(C) Microsoft Corporation。保留所有权利。

CMakeCXXCompilerId.cpp
Microsoft (R) Incremental Linker Version 14.29.30156.0
Copyright (C) Microsoft Corporation.  All rights reserved.

/out:CMakeCXXCompilerId.exe 
CMakeCXXCompilerId.obj 
libucrt.lib(checkcfg.obj) : error LNK2001: 无法解析的外部符号 _guard_check_icall_$fo$
CMakeCXXCompilerId.exe : fatal error LNK1120: 1 个无法解析的外部命令


Determining if the include file pthread.h exists failed with the following output:
Change Dir: E:/TUD/Q1_Computer_Graphics/Assignment/assignment2/assignment_2/remote/CS-4515/Assignment 2/out/build/x64-Debug/CMakeFiles/CMakeTmp

Run Build Command(s):E:\MICROSOFT\VISUALSTUDIO\COMMUNITYIDE\COMMON7\IDE\COMMONEXTENSIONS\MICROSOFT\CMAKE\Ninja\ninja.exe cmTC_769a8 && [1/2] Building C object CMakeFiles\cmTC_769a8.dir\CheckIncludeFile.c.obj
FAILED: CMakeFiles/cmTC_769a8.dir/CheckIncludeFile.c.obj 
E:\MicroSoft\VisualStudio\CommunityIDE\VC\Tools\MSVC\14.29.30133\bin\Hostx64\x64\cl.exe  /nologo   /DWIN32 /D_WINDOWS /W3  /MDd /Zi /Ob0 /Od /RTC1 /showIncludes /FoCMakeFiles\cmTC_769a8.dir\CheckIncludeFile.c.obj /FdCMakeFiles\cmTC_769a8.dir\ /FS -c CheckIncludeFile.c
CheckIncludeFile.c(1): fatal error C1083: 无法打开包括文件: “pthread.h”: No such file or directory
ninja: build stopped: subcommand failed.



